# JRE version: OpenJDK Runtime Environment (8.0_152-b01) (build 1.8.0_152-release-1248-b01)
# Java VM: OpenJDK 64-Bit Server VM (25.152-b01 mixed mode windows-amd64 compressed oops)
Heap:
 PSYoungGen      total 202240K, used 28135K [0x00000000e0000000, 0x00000000f4680000, 0x0000000100000000)
  eden space 174080K, 0% used [0x00000000e0000000,0x00000000e0000000,0x00000000eaa00000)
  from space 28160K, 99% used [0x00000000eaa00000,0x00000000ec579da0,0x00000000ec580000)
  to   space 40448K, 0% used [0x00000000f1f00000,0x00000000f1f00000,0x00000000f4680000)
 ParOldGen       total 140800K, used 49203K [0x00000000a0000000, 0x00000000a8980000, 0x00000000e0000000)
  object space 140800K, 34% used [0x00000000a0000000,0x00000000a300cfa0,0x00000000a8980000)
 Metaspace       used 57769K, capacity 58891K, committed 59160K, reserved 1101824K
  class space    used 7109K, capacity 7404K, committed 7472K, reserved 1048576K
GC Heap History (10 events):
Event: 1.936 GC heap after
Heap after GC invocations=6 (full 2):
 PSYoungGen      total 123392K, used 10726K [0x00000000e0000000, 0x00000000e9500000, 0x0000000100000000)
  eden space 112640K, 0% used [0x00000000e0000000,0x00000000e0000000,0x00000000e6e00000)
  from space 10752K, 99% used [0x00000000e8a80000,0x00000000e94f99d8,0x00000000e9500000)
  to   space 10752K, 0% used [0x00000000e8000000,0x00000000e8000000,0x00000000e8a80000)
 ParOldGen       total 92160K, used 10341K [0x00000000a0000000, 0x00000000a5a00000, 0x00000000e0000000)
  object space 92160K, 11% used [0x00000000a0000000,0x00000000a0a19670,0x00000000a5a00000)
 Metaspace       used 30833K, capacity 31431K, committed 31792K, reserved 1077248K
  class space    used 4134K, capacity 4302K, committed 4400K, reserved 1048576K
}
Event: 2.123 GC heap before
{Heap before GC invocations=7 (full 2):
 PSYoungGen      total 123392K, used 37940K [0x00000000e0000000, 0x00000000e9500000, 0x0000000100000000)
  eden space 112640K, 24% used [0x00000000e0000000,0x00000000e1a93928,0x00000000e6e00000)
  from space 10752K, 99% used [0x00000000e8a80000,0x00000000e94f99d8,0x00000000e9500000)
  to   space 10752K, 0% used [0x00000000e8000000,0x00000000e8000000,0x00000000e8a80000)
 ParOldGen       total 92160K, used 10341K [0x00000000a0000000, 0x00000000a5a00000, 0x00000000e0000000)
  object space 92160K, 11% used [0x00000000a0000000,0x00000000a0a19670,0x00000000a5a00000)
 Metaspace       used 34609K, capacity 35175K, committed 35496K, reserved 1079296K
  class space    used 4525K, capacity 4692K, committed 4784K, reserved 1048576K
Event: 2.129 GC heap after
Heap after GC invocations=7 (full 2):
 PSYoungGen      total 141824K, used 10739K [0x00000000e0000000, 0x00000000ed000000, 0x0000000100000000)
  eden space 131072K, 0% used [0x00000000e0000000,0x00000000e0000000,0x00000000e8000000)
  from space 10752K, 99% used [0x00000000e8000000,0x00000000e8a7cea0,0x00000000e8a80000)
  to   space 10752K, 0% used [0x00000000ec580000,0x00000000ec580000,0x00000000ed000000)
 ParOldGen       total 92160K, used 12770K [0x00000000a0000000, 0x00000000a5a00000, 0x00000000e0000000)
  object space 92160K, 13% used [0x00000000a0000000,0x00000000a0c78b08,0x00000000a5a00000)
 Metaspace       used 34609K, capacity 35175K, committed 35496K, reserved 1079296K
  class space    used 4525K, capacity 4692K, committed 4784K, reserved 1048576K
}
Event: 2.129 GC heap before
{Heap before GC invocations=8 (full 3):
 PSYoungGen      total 141824K, used 10739K [0x00000000e0000000, 0x00000000ed000000, 0x0000000100000000)
  eden space 131072K, 0% used [0x00000000e0000000,0x00000000e0000000,0x00000000e8000000)
  from space 10752K, 99% used [0x00000000e8000000,0x00000000e8a7cea0,0x00000000e8a80000)
  to   space 10752K, 0% used [0x00000000ec580000,0x00000000ec580000,0x00000000ed000000)
 ParOldGen       total 92160K, used 12770K [0x00000000a0000000, 0x00000000a5a00000, 0x00000000e0000000)
  object space 92160K, 13% used [0x00000000a0000000,0x00000000a0c78b08,0x00000000a5a00000)
 Metaspace       used 34609K, capacity 35175K, committed 35496K, reserved 1079296K
  class space    used 4525K, capacity 4692K, committed 4784K, reserved 1048576K
Event: 2.175 GC heap after
Heap after GC invocations=8 (full 3):
 PSYoungGen      total 141824K, used 0K [0x00000000e0000000, 0x00000000ed000000, 0x0000000100000000)
  eden space 131072K, 0% used [0x00000000e0000000,0x00000000e0000000,0x00000000e8000000)
  from space 10752K, 0% used [0x00000000e8000000,0x00000000e8000000,0x00000000e8a80000)
  to   space 10752K, 0% used [0x00000000ec580000,0x00000000ec580000,0x00000000ed000000)
 ParOldGen       total 140800K, used 19106K [0x00000000a0000000, 0x00000000a8980000, 0x00000000e0000000)
  object space 140800K, 13% used [0x00000000a0000000,0x00000000a12a8958,0x00000000a8980000)
 Metaspace       used 34609K, capacity 35175K, committed 35496K, reserved 1079296K
  class space    used 4525K, capacity 4692K, committed 4784K, reserved 1048576K
}
Event: 3.327 GC heap before
{Heap before GC invocations=9 (full 3):
 PSYoungGen      total 141824K, used 131072K [0x00000000e0000000, 0x00000000ed000000, 0x0000000100000000)
  eden space 131072K, 100% used [0x00000000e0000000,0x00000000e8000000,0x00000000e8000000)
  from space 10752K, 0% used [0x00000000e8000000,0x00000000e8000000,0x00000000e8a80000)
  to   space 10752K, 0% used [0x00000000ec580000,0x00000000ec580000,0x00000000ed000000)
 ParOldGen       total 140800K, used 19106K [0x00000000a0000000, 0x00000000a8980000, 0x00000000e0000000)
  object space 140800K, 13% used [0x00000000a0000000,0x00000000a12a8958,0x00000000a8980000)
 Metaspace       used 46695K, capacity 47591K, committed 47912K, reserved 1091584K
  class space    used 5856K, capacity 6074K, committed 6192K, reserved 1048576K
Event: 3.340 GC heap after
Heap after GC invocations=9 (full 3):
 PSYoungGen      total 184832K, used 10750K [0x00000000e0000000, 0x00000000ef780000, 0x0000000100000000)
  eden space 174080K, 0% used [0x00000000e0000000,0x00000000e0000000,0x00000000eaa00000)
  from space 10752K, 99% used [0x00000000ec580000,0x00000000ecfff840,0x00000000ed000000)
  to   space 28160K, 0% used [0x00000000eaa00000,0x00000000eaa00000,0x00000000ec580000)
 ParOldGen       total 140800K, used 35983K [0x00000000a0000000, 0x00000000a8980000, 0x00000000e0000000)
  object space 140800K, 25% used [0x00000000a0000000,0x00000000a2323ed0,0x00000000a8980000)
 Metaspace       used 46695K, capacity 47591K, committed 47912K, reserved 1091584K
  class space    used 5856K, capacity 6074K, committed 6192K, reserved 1048576K
}
Event: 4.926 GC heap before
{Heap before GC invocations=10 (full 3):
 PSYoungGen      total 184832K, used 172288K [0x00000000e0000000, 0x00000000ef780000, 0x0000000100000000)
  eden space 174080K, 92% used [0x00000000e0000000,0x00000000e9dc09e0,0x00000000eaa00000)
  from space 10752K, 99% used [0x00000000ec580000,0x00000000ecfff840,0x00000000ed000000)
  to   space 28160K, 0% used [0x00000000eaa00000,0x00000000eaa00000,0x00000000ec580000)
 ParOldGen       total 140800K, used 35983K [0x00000000a0000000, 0x00000000a8980000, 0x00000000e0000000)
  object space 140800K, 25% used [0x00000000a0000000,0x00000000a2323ed0,0x00000000a8980000)
 Metaspace       used 57769K, capacity 58891K, committed 59160K, reserved 1101824K
  class space    used 7109K, capacity 7404K, committed 7472K, reserved 1048576K
Event: 4.942 GC heap after
Heap after GC invocations=10 (full 3):
 PSYoungGen      total 202240K, used 28135K [0x00000000e0000000, 0x00000000f4680000, 0x0000000100000000)
  eden space 174080K, 0% used [0x00000000e0000000,0x00000000e0000000,0x00000000eaa00000)
  from space 28160K, 99% used [0x00000000eaa00000,0x00000000ec579da0,0x00000000ec580000)
  to   space 40448K, 0% used [0x00000000f1f00000,0x00000000f1f00000,0x00000000f4680000)
 ParOldGen       total 140800K, used 49203K [0x00000000a0000000, 0x00000000a8980000, 0x00000000e0000000)
  object space 140800K, 34% used [0x00000000a0000000,0x00000000a300cfa0,0x00000000a8980000)
 Metaspace       used 57769K, capacity 58891K, committed 59160K, reserved 1101824K
  class space    used 7109K, capacity 7404K, committed 7472K, reserved 1048576K
}
Event: 4.943 GC heap before
{Heap before GC invocations=11 (full 4):
 PSYoungGen      total 202240K, used 28135K [0x00000000e0000000, 0x00000000f4680000, 0x0000000100000000)
  eden space 174080K, 0% used [0x00000000e0000000,0x00000000e0000000,0x00000000eaa00000)
  from space 28160K, 99% used [0x00000000eaa00000,0x00000000ec579da0,0x00000000ec580000)
  to   space 40448K, 0% used [0x00000000f1f00000,0x00000000f1f00000,0x00000000f4680000)
 ParOldGen       total 140800K, used 49203K [0x00000000a0000000, 0x00000000a8980000, 0x00000000e0000000)
  object space 140800K, 34% used [0x00000000a0000000,0x00000000a300cfa0,0x00000000a8980000)
 Metaspace       used 57769K, capacity 58891K, committed 59160K, reserved 1101824K
  class space    used 7109K, capacity 7404K, committed 7472K, reserved 1048576K

